LogicalFormat2
==============

Identification (1000)
--------------

100001 : Message Set Identifier
100002 : Message Set Name
100003 : Message Set Level
100004 : Model Version (Major)
100005 : Model Version (Minor)
100006 : Timestamp
100007 : Dictionary Type
100008 : Format Level
100009 : Compatibility Level
100010 : Dependency Table
100022 : Message Set Alias

  100001        100002                       100003 100004 100005 100006 100007 100008 100009 100010        100022 
0 F6RV6UO002001 MRM2XML_ADDMISING-VALUES_APP 1      2      0             1      610    4      F6RV6UO002001        

MessageSet (1)
----------

105 : Default Wire Format Identifier
106 : Message Type Prefix
107 : Use Namespaces

  105   106 107 
0 Text1     1   

Tag (2)
---

201 : Tag Identifier
202 : Tag Text Identifier
203 : Type Identifier
204 : Class
205 : Min Length
206 : Max Length
207 : Nullable
208 : Value Set Index
209 : Default Value Index
211 : Type Index
212 : Namespace Index
213 : Block
214 : isAttribute
215 : Interpret Value As

   201 202     203 204 205 206 207 208 209 211 212 213 214 215 
0  50  EMP     51  M   0   -1  0   -1  -1  46  0   0   0   0   
1  52  EMPINFO 53  M   0   -1  0   -1  -1  47  0   0   0   0   
2  54  NAME    19  F   0   -1  0   -1  -1  17  0   0   0   0   
3  55  SAL     43  F   0   -1  0   53  -1  39  0   0   0   0   
4  56  AGE     43  F   0   -1  0   53  -1  39  0   0   0   0   
5  57  STATE   19  F   0   -1  0   -1  -1  17  0   0   0   0   
6  58  SSN     43  F   0   -1  0   53  -1  39  0   0   0   0   
7  59  ORG     19  F   0   -1  0   -1  -1  17  0   0   0   0   
8  60  ROLE    19  F   0   -1  0   -1  -1  17  0   0   0   0   
9  61  EMP     51  S   0   -1  0   -1  -1  46  0   0   0   0   
10 62  EMPINFO 53  S   0   -1  0   -1  -1  47  0   0   0   0   

Type Member (4)
-----------

401 : Parent Type Identifier
402 : Child Tag Identifier
403 : Child Type Identifier
404 : Child Class
405 : Child Physical Name
406 : Sequence Number
407 : Min Occurs
409 : Child Repeat Indicator
410 : Member Identifier
411 : Max Occurs
412 : Child Tag Index
413 : Child Type Index

  401 402 403 404 405 406 407 409 410 411 412 413 
0 51  54  19  F       1   1   0   63  1   2   17  
1 51  55  43  F       2   1   0   64  1   3   39  
2 51  56  43  F       3   1   0   65  1   4   39  
3 51  57  19  F       4   1   0   66  1   5   17  
4 51  58  43  F       5   1   0   67  1   6   39  
5 51  59  19  F       6   1   0   68  1   7   17  
6 51  60  19  F       7   1   0   69  1   8   17  
7 53  61  51  S       1   1   1   70  -1  9   46  

Member Id to Type Member index (20)
------------------------------

Row count: 8

2001 : Member Identifier
2002 : Type Member Index

  2001 2002 
0 63   0    
1 64   1    
2 65   2    
3 66   3    
4 67   4    
5 68   5    
6 69   6    
7 70   7    

Type (21)
----

Row count: 48

2101 : Type Identifier
2102 : Type Text Identifier
2103 : Type Composition
2104 : Type Content
2105 : Base Type Identifier
2106 : Logical Type
2107 : Type Member Index
2108 : Namespace Index
2109 : Parent Type Index
2110 : Block
2111 : Abstract
2112 : Derivation Style
2113 : Value Set Index
2114 : Item Type Index
2115 : Type Class

   2101 2102               2103 2104 2105 2106 2107 2108 2109 2110 2111 2112 2113 2114 2115 
0  1    anyType            6    3    0    0    -1   1    -1   3    0    1    -1   -1   4    
1  2    ENTITIES           0    0    0    0    -1   1    -1   0    0    5    0    2    1    
2  3    ENTITY             0    0    0    2    -1   1    28   0    0    4    46   -1   1    
3  5    NOTATION           0    0    0    2    -1   1    4    0    0    4    -1   -1   1    
4  6    anySimpleType      0    0    0    2    -1   1    -1   0    0    4    -1   -1   1    
5  7    gMonthDay          0    0    0    15   -1   1    4    0    0    4    2    -1   1    
6  8    gYear              0    0    0    15   -1   1    4    0    0    4    4    -1   1    
7  9    positiveInteger    0    0    0    16   -1   1    8    0    0    4    6    -1   1    
8  10   nonNegativeInteger 0    0    0    16   -1   1    43   0    0    4    75   -1   1    
9  11   unsignedShort      0    0    0    4    -1   1    10   0    0    4    9    -1   1    
10 12   unsignedInt        0    0    0    4    -1   1    16   0    0    4    65   -1   1    
11 13   byte               0    0    0    4    -1   1    12   0    0    4    13   -1   1    
12 14   short              0    0    0    4    -1   1    39   0    0    4    71   -1   1    
13 15   negativeInteger    0    0    0    16   -1   1    14   0    0    4    17   -1   1    
14 16   nonPositiveInteger 0    0    0    16   -1   1    43   0    0    4    59   -1   1    
15 17   time               0    0    0    15   -1   1    4    0    0    4    20   -1   1    
16 18   unsignedLong       0    0    0    16   -1   1    8    0    0    4    22   -1   1    
17 19   string             0    0    0    2    -1   1    4    0    0    4    -1   -1   1    
18 20   double             0    0    0    6    -1   1    4    0    0    4    -1   -1   1    
19 21   decimal            0    0    0    16   -1   1    4    0    0    4    -1   -1   1    
20 22   duration           0    0    0    14   -1   1    4    0    0    4    -1   -1   1    
21 23   language           0    0    0    2    -1   1    22   0    0    4    26   -1   1    
22 24   token              0    0    0    2    -1   1    36   0    0    4    -1   -1   1    
23 25   NMTOKENS           0    0    0    0    -1   1    -1   0    0    5    28   24   1    
24 26   NMTOKEN            0    0    0    2    -1   1    22   0    0    4    69   -1   1    
25 28   gMonth             0    0    0    15   -1   1    4    0    0    4    30   -1   1    
26 29   dateTime           0    0    0    15   -1   1    4    0    0    4    -1   -1   1    
27 30   ID                 0    0    0    2    -1   1    28   0    0    4    32   -1   1    
28 31   NCName             0    0    0    2    -1   1    34   0    0    4    43   -1   1    
29 32   IDREFS             0    0    0    0    -1   1    -1   0    0    5    35   30   1    
30 33   IDREF              0    0    0    2    -1   1    28   0    0    4    62   -1   1    
31 35   float              0    0    0    6    -1   1    4    0    0    4    -1   -1   1    
32 36   gYearMonth         0    0    0    15   -1   1    4    0    0    4    37   -1   1    
33 37   unsignedByte       0    0    0    4    -1   1    9    0    0    4    39   -1   1    
34 38   Name               0    0    0    2    -1   1    22   0    0    4    49   -1   1    
35 39   anyURI             0    0    0    2    -1   1    4    0    0    4    -1   -1   1    
36 40   normalizedString   0    0    0    2    -1   1    17   0    0    4    -1   -1   1    
37 41   boolean            0    0    0    12   -1   1    4    0    0    4    -1   -1   1    
38 42   date               0    0    0    15   -1   1    4    0    0    4    51   -1   1    
39 43   int                0    0    0    4    -1   1    40   0    0    4    53   -1   1    
40 44   long               0    0    0    4    -1   1    43   0    0    4    78   -1   1    
41 45   base64Binary       0    0    0    10   -1   1    4    0    0    4    -1   -1   1    
42 46   gDay               0    0    0    15   -1   1    4    0    0    4    57   -1   1    
43 47   integer            0    0    0    16   -1   1    19   0    0    4    82   -1   1    
44 48   QName              0    0    0    2    -1   1    4    0    0    4    -1   -1   1    
45 49   hexBinary          0    0    0    10   -1   1    4    0    0    4    -1   -1   1    
46 51   EMP                6    1    0    0    0    0    0    0    0    1    -1   -1   4    
47 53   EMPINFO            6    1    0    0    7    0    0    0    0    1    -1   -1   4    

Value Set Table (24)
---------------

2000 : Row Count
2401 : Value Index
2402 : Role

   2000 2401 2402 
0  84   9    3    
1       -1   0    
2       13   9    
3       -1   0    
4       15   9    
5       -1   0    
6       8    8    
7       26   1    
8       -1   0    
9       8    8    
10      20   2    
11      8    1    
12      -1   0    
13      8    8    
14      14   2    
15      7    1    
16      -1   0    
17      8    8    
18      24   2    
19      -1   0    
20      10   9    
21      -1   0    
22      8    8    
23      27   2    
24      25   1    
25      -1   0    
26      1    10   
27      -1   0    
28      9    3    
29      -1   0    
30      12   9    
31      -1   0    
32      0    10   
33      3    10   
34      -1   0    
35      9    3    
36      -1   0    
37      16   9    
38      -1   0    
39      8    8    
40      18   2    
41      8    1    
42      -1   0    
43      0    10   
44      3    10   
45      -1   0    
46      0    10   
47      3    10   
48      -1   0    
49      3    10   
50      -1   0    
51      17   9    
52      -1   0    
53      8    8    
54      21   2    
55      5    1    
56      -1   0    
57      11   9    
58      -1   0    
59      8    8    
60      25   2    
61      -1   0    
62      0    10   
63      3    10   
64      -1   0    
65      8    8    
66      22   2    
67      8    1    
68      -1   0    
69      2    10   
70      -1   0    
71      8    8    
72      19   2    
73      6    1    
74      -1   0    
75      8    8    
76      25   1    
77      -1   0    
78      8    8    
79      23   2    
80      4    1    
81      -1   0    
82      8    8    
83      -1   0    

Values (25)
------

2000 : Row Count
2501 : String Value
2502 : Integer Value
2507 : Decimal Value

   2000 2501                              2502                 2507                 
0  28   [\i-[:]][\c-[:]]*                 -9223372036854775808 -1                   
1       [a-zA-Z]{1,8}(-[a-zA-Z0-9]{1,8})* -2147483648          0                    
2       \c+                               -32768               1                    
3       \i\c*                             -128                 18446744073709551615 
4                                         0                                         
5                                         1                                         
6                                         31                                        
7                                         32                                        
8                                         64                                        
9                                         96                                        
10                                        127                                       
11                                        128                                       
12                                        192                                       
13                                        224                                       
14                                        255                                       
15                                        32767                                     
16                                        65535                                     
17                                        2147483647                                
18                                        4294967295                                
19                                        9223372036854775807                       

Namespace (26)
---------

2000 : Row Count
2601 : Namespace URI

  2000 2601                             
0 2                                     
1      http://www.w3.org/2001/XMLSchema 

Message (27)
-------

Row count: 2

2701 : Tag Identifier
2702 : Message Alias

  2701 2702 
0 50        
1 52        

TDSWireFormat (Text1)
=============

Identification (1000)
--------------

100001 : Message Set Identifier
100002 : Message Set Name
100003 : Message Set Level
100004 : Model Version (Major)
100005 : Model Version (Minor)
100006 : Timestamp
100007 : Dictionary Type
100008 : Format Level
100009 : Compatibility Level
100010 : Dependency Table
100022 : Message Set Alias
100020 : Format Name
100021 : Format Identifier

  100001        100002                       100003 100004 100005 100006 100007 100008 100009 100010        100022 100020 100021 
0 F6RV6UO002001 MRM2XML_ADDMISING-VALUES_APP 1      2      0             2      610    4      F6RV6UO002001        TDS    Text1  

MessageSet (1)
----------

105 : Default Wire Format Identifier
106 : Message Type Prefix
107 : Use Namespaces
NP_0 : TDS Wire Format Identifier
NP_1 : Messaging Standard
NP_2 : Default CCSID
NP_3 : Trim Fix Len String
NP_4 : Group Indicator
NP_5 : Group Terminator
NP_6 : Tag Data Separator
NP_7 : Tag Length
NP_8 : Decimal Point
NP_9 : Escape Character
NP_10 : Reserved Chars
NP_11 : Output Compression Technique
NP_12 : Input Compression Technique
NP_13 : Boolean True Representation
NP_14 : Boolean False Representation
NP_15 : Boolean Null Representation
NP_16 : Default DateTime Format
NP_17 : Default Time Zone ID
NP_18 : Century Window
NP_19 : First Week of Year
NP_20 : First Day of Week
NP_21 : Allow Lenient Datetimes
NP_22 : Strict Numeric Checking
NP_23 : Preserve UTC Format
NP_24 : Truncate Fixed Length Strings
NP_25 : Quote character
NP_26 : Output policy for missing elements
NP_27 : Default byte order
NP_28 : Default packed decimal byte order
NP_29 : Default float format
NP_30 : Packed decimal positive code
NP_31 : Binary boolean true value
NP_32 : Binary boolean false value
NP_33 : Binary boolean null value

  105   106 107 NP_0  NP_1 NP_2 NP_3 NP_4 NP_5 NP_6 NP_7 NP_8 NP_9 NP_10 NP_11 NP_12 NP_13 NP_14 NP_15 NP_16                    NP_17 NP_18 NP_19 NP_20 NP_21 NP_22 NP_23 NP_24 NP_25 NP_26 NP_27 NP_28 NP_29 NP_30 NP_31    NP_32    NP_33    
0 Text1     1   Text1 0    367  0                   0    .               0     0     1     0     0     yyyy-MM-dd'T'HH:mm:ssZZZ       53    0           0     0     0     0           0     0     0     0     C     00000001 00000000 00000000 

Tag (2)
---

201 : Tag Identifier
203 : Type Identifier
204 : Class
207 : Nullable
209 : Default Value Index
211 : Type Index
214 : isAttribute
NP_0 : Message Key
NP_1 : Tag
NP_2 : Data Pattern
NP_3 : Length
NP_4 : Justification
NP_5 : Padding Character
NP_6 : Interpret Element Value
NP_7 : Virtual Decimal Point
NP_8 : Precision
NP_9 : Format
NP_10 : Sign Orientation
NP_11 : Positive Sign
NP_12 : Negative Sign
NP_13 : Encoding Null
NP_14 : Encoding Null Value
NP_15 : Physical Type
NP_16 : Length units
NP_17 : EBCDIC custom overpunched

   201 203 204 207 209 211 214 NP_0 NP_1 NP_2 NP_3 NP_4 NP_5 NP_6 NP_7 NP_8 NP_9 NP_10 NP_11 NP_12 NP_13            NP_14 NP_15      NP_16 NP_17 
0  50  51  M   0   -1  46  0                  0    0         0    0    0         -1                                                  0     0     
1  52  53  M   0   -1  47  0                  0    0         0    0    0         -1                                                  0     0     
2  54  19  F   0   -1  17  0                  0    1         0    0    -1        0           -     NullLogicalValue       Characters 1     0     
3  55  43  F   0   -1  39  0                  10   2    0    0    0    -1        1           -     NullLogicalValue 0     Characters 1     0     
4  56  43  F   0   -1  39  0                  10   2    0    0    0    -1        1           -     NullLogicalValue 0     Characters 1     0     
5  57  19  F   0   -1  17  0                  0    1         0    0    -1        0           -     NullLogicalValue       Characters 1     0     
6  58  43  F   0   -1  39  0                  10   2    0    0    0    -1        1           -     NullLogicalValue 0     Characters 1     0     
7  59  19  F   0   -1  17  0                  0    1         0    0    -1        0           -     NullLogicalValue       Characters 1     0     
8  60  19  F   0   -1  17  0                  0    1         0    0    -1        0           -     NullLogicalValue       Characters 1     0     
9  61  51  S   0   -1  46  0                  0    0         0    0    -1        -1          -                                       0     0     
10 62  53  S   0   -1  47  0                  0    0         0    0    -1        -1          -                                       0     0     

Type Member (4)
-----------

401 : Parent Type Id
402 : Child Tag Id
403 : Child Type Id
404 : Child Class
406 : Sequence Number
407 : Min Occurs
409 : Child Repeat Indicator
410 : Member Id
411 : Max Occurs
412 : Child Tag Index
413 : Child Type Index
NP_0 : Data Pattern
NP_1 : Repeating Element Delimiter
NP_2 : Length Reference
NP_3 : Tag
NP_4 : Length
NP_5 : Justification
NP_6 : Padding Character
NP_7 : Interpret Element Value
NP_8 : Virtual Decimal Point
NP_9 : Precision
NP_10 : Format
NP_11 : Sign Orientation
NP_12 : Positive Sign
NP_13 : Negative Sign
NP_14 : Encoding Null
NP_15 : Encoding Null Value
NP_16 : Physical Type
NP_17 : Repeat Reference
NP_18 : Inclusive Length Reference

  401 402 403 404 406 407 409 410 411 412 413 NP_0 NP_1     NP_2 NP_3 NP_4 NP_5 NP_6 NP_7 NP_8 NP_9 NP_10 NP_11 NP_12 NP_13 NP_14 NP_15 NP_16      NP_17 NP_18 
0 51  54  19  F   1   1   0   63  1   2   17                0         0    1         0    0    -1         0           -     1           Characters 0     0     
1 51  55  43  F   2   1   0   64  1   3   39                0         10   2    0    0    0    -1         1           -     1     0     Characters 0     0     
2 51  56  43  F   3   1   0   65  1   4   39                0         10   2    0    0    0    -1         1           -     1     0     Characters 0     0     
3 51  57  19  F   4   1   0   66  1   5   17                0         0    1         0    0    -1         0           -     1           Characters 0     0     
4 51  58  43  F   5   1   0   67  1   6   39                0         10   2    0    0    0    -1         1           -     1     0     Characters 0     0     
5 51  59  19  F   6   1   0   68  1   7   17                0         0    1         0    0    -1         0           -     1           Characters 0     0     
6 51  60  19  F   7   1   0   69  1   8   17                0         0    1         0    0    -1         0           -     1           Characters 0     0     
7 53  61  51  S   1   1   1   70  -1  9   46       <CR><LF> 0         0    0         0    0    -1         -1          -     -1                     0     0     

Member Id to Type Member index (20)
------------------------------

Row count: 8

2001 : Member Identifier
2002 : Type Member Index

  2001 2002 
0 63   0    
1 64   1    
2 65   2    
3 66   3    
4 67   4    
5 68   5    
6 69   6    
7 70   7    

Type (21)
----

Row count: 48

2101 : Type Identifier
2103 : Type Composition
2104 : Type Content
2105 : Base Type Identifier
2106 : Logical Type
2107 : Type Member Index
2112 : Derivation Style
2114 : Item Type Index
2115 : Type Class
NP_0 : Group Indicator
NP_1 : Group Terminator
NP_2 : Tag Data Separator
NP_3 : Tag Length
NP_4 : Data Element Separation
NP_5 : Delimiter
NP_6 : Length Of Encoded Length
NP_7 : Extra Chars In Encoded Length
NP_8 : Suppress Absent Element Delimiter
NP_9 : Observe Element Length

   2101 2103 2104 2105 2106 2107 2112 2114 2115 NP_0 NP_1 NP_2 NP_3 NP_4 NP_5     NP_6 NP_7 NP_8 NP_9 
0  1    6    3    0    0    -1   1    -1   4                   0    4             0    0    1    0    
1  2    0    0    0    0    -1   5    2    1                   0    -1            0    0    -1   0    
2  3    0    0    0    2    -1   4    -1   1                   0    -1            0    0    -1   0    
3  5    0    0    0    2    -1   4    -1   1                   0    -1            0    0    -1   0    
4  6    0    0    0    2    -1   4    -1   1                   0    -1            0    0    -1   0    
5  7    0    0    0    15   -1   4    -1   1                   0    -1            0    0    -1   0    
6  8    0    0    0    15   -1   4    -1   1                   0    -1            0    0    -1   0    
7  9    0    0    0    16   -1   4    -1   1                   0    -1            0    0    -1   0    
8  10   0    0    0    16   -1   4    -1   1                   0    -1            0    0    -1   0    
9  11   0    0    0    4    -1   4    -1   1                   0    -1            0    0    -1   0    
10 12   0    0    0    4    -1   4    -1   1                   0    -1            0    0    -1   0    
11 13   0    0    0    4    -1   4    -1   1                   0    -1            0    0    -1   0    
12 14   0    0    0    4    -1   4    -1   1                   0    -1            0    0    -1   0    
13 15   0    0    0    16   -1   4    -1   1                   0    -1            0    0    -1   0    
14 16   0    0    0    16   -1   4    -1   1                   0    -1            0    0    -1   0    
15 17   0    0    0    15   -1   4    -1   1                   0    -1            0    0    -1   0    
16 18   0    0    0    16   -1   4    -1   1                   0    -1            0    0    -1   0    
17 19   0    0    0    2    -1   4    -1   1                   0    -1            0    0    -1   0    
18 20   0    0    0    6    -1   4    -1   1                   0    -1            0    0    -1   0    
19 21   0    0    0    16   -1   4    -1   1                   0    -1            0    0    -1   0    
20 22   0    0    0    14   -1   4    -1   1                   0    -1            0    0    -1   0    
21 23   0    0    0    2    -1   4    -1   1                   0    -1            0    0    -1   0    
22 24   0    0    0    2    -1   4    -1   1                   0    -1            0    0    -1   0    
23 25   0    0    0    0    -1   5    24   1                   0    -1            0    0    -1   0    
24 26   0    0    0    2    -1   4    -1   1                   0    -1            0    0    -1   0    
25 28   0    0    0    15   -1   4    -1   1                   0    -1            0    0    -1   0    
26 29   0    0    0    15   -1   4    -1   1                   0    -1            0    0    -1   0    
27 30   0    0    0    2    -1   4    -1   1                   0    -1            0    0    -1   0    
28 31   0    0    0    2    -1   4    -1   1                   0    -1            0    0    -1   0    
29 32   0    0    0    0    -1   5    30   1                   0    -1            0    0    -1   0    
30 33   0    0    0    2    -1   4    -1   1                   0    -1            0    0    -1   0    
31 35   0    0    0    6    -1   4    -1   1                   0    -1            0    0    -1   0    
32 36   0    0    0    15   -1   4    -1   1                   0    -1            0    0    -1   0    
33 37   0    0    0    4    -1   4    -1   1                   0    -1            0    0    -1   0    
34 38   0    0    0    2    -1   4    -1   1                   0    -1            0    0    -1   0    
35 39   0    0    0    2    -1   4    -1   1                   0    -1            0    0    -1   0    
36 40   0    0    0    2    -1   4    -1   1                   0    -1            0    0    -1   0    
37 41   0    0    0    12   -1   4    -1   1                   0    -1            0    0    -1   0    
38 42   0    0    0    15   -1   4    -1   1                   0    -1            0    0    -1   0    
39 43   0    0    0    4    -1   4    -1   1                   0    -1            0    0    -1   0    
40 44   0    0    0    4    -1   4    -1   1                   0    -1            0    0    -1   0    
41 45   0    0    0    10   -1   4    -1   1                   0    -1            0    0    -1   0    
42 46   0    0    0    15   -1   4    -1   1                   0    -1            0    0    -1   0    
43 47   0    0    0    16   -1   4    -1   1                   0    -1            0    0    -1   0    
44 48   0    0    0    2    -1   4    -1   1                   0    -1            0    0    -1   0    
45 49   0    0    0    10   -1   4    -1   1                   0    -1            0    0    -1   0    
46 51   6    1    0    0    0    1    -1   4                   0    2    *        0    0    1    0    
47 53   6    1    0    0    7    1    -1   4                   0    2    <CR><LF> 0    0    1    0    

Values (25)
------

2000 : Row Count

  2000 
0 0    

XMLWireFormat (XML1)
=============

Identification (1000)
--------------

100001 : Message Set Identifier
100002 : Message Set Name
100003 : Message Set Level
100004 : Model Version (Major)
100005 : Model Version (Minor)
100006 : Timestamp
100007 : Dictionary Type
100008 : Format Level
100009 : Compatibility Level
100010 : Dependency Table
100022 : Message Set Alias
100020 : Format Name
100021 : Format Identifier

  100001        100002                       100003 100004 100005 100006 100007 100008 100009 100010        100022 100020 100021 
0 F6RV6UO002001 MRM2XML_ADDMISING-VALUES_APP 1      2      0             2      610    4      F6RV6UO002001        XML    XML1   

MessageSet (1)
----------

105 : Default Wire Format Identifier
106 : Message Type Prefix
107 : Use Namespaces
NP_0 : Suppress XML Declaration
NP_1 : Standalone Document
NP_2 : Suppress DOCTYPE
NP_3 : DOCTYPE System ID
NP_4 : DOCTYPE Public ID
NP_5 : DOCTYPE Text
NP_6 : Root Tag Name
NP_7 : Enable Versioning Support
NP_8 : Boolean True Value
NP_9 : Boolean False Value
NP_10 : Encoding Null Num
NP_11 : Encoding Null Num Val
NP_12 : Encoding Null Non-num
NP_13 : Encoding Null Non-num Val
NP_14 : Suppress Timestamp Comment
NP_15 : Default DateTime Format
NP_16 : Default Time Zone ID
NP_17 : Century Window
NP_18 : First Day of Week
NP_19 : First Week of Year
NP_20 : Allow Lenient Datetimes
NP_21 : Output xsi:type policy
NP_22 : XML Version Key
NP_23 : Suppress XML Encoding
NP_24 : Preserve UTC Format

  105   106 107 NP_0  NP_1  NP_2  NP_3                           NP_4          NP_5  NP_6  NP_7  NP_8  NP_9  NP_10 NP_11 NP_12 NP_13 NP_14 NP_15                    NP_16 NP_17 NP_18 NP_19 NP_20 NP_21 NP_22 NP_23 NP_24  
0 Text1     1   0           1     www.mrmnames.net/F6RV6UO002001 F6RV6UO002001             0     1     0     1           1           1     yyyy-MM-dd'T'HH:mm:ssZZZ       53          0     0     0     1.0   1     0      

Tag (2)
---

201 : Tag Identifier
203 : Type Identifier
204 : Class
207 : Nullable
211 : Type Index
212 : Namespace Index
214 : isAttribute
NP_0 : DOCTYPE System ID
NP_1 : DOCTYPE Public ID
NP_2 : DOCTYPE Text
NP_3 : Root Tag Name
NP_4 : XML Name
NP_5 : Render
NP_6 : ID Attribute Name
NP_7 : ID Attribute Namespace
NP_8 : ID Attribute Value
NP_9 : Format
NP_10 : Encoding
NP_11 : Schema Location
NP_12 : No Namespace Schema Location
NP_13 : Output Namespace Declaration Policy
NP_14 : Output xsi:type policy

   201 203 204 207 211 212 214 NP_0                           NP_1          NP_2 NP_3 NP_4    NP_5 NP_6 NP_7 NP_8    NP_9 NP_10 NP_11 NP_12 NP_13 NP_14 
0  50  51  M   0   46  0   0   www.mrmnames.net/F6RV6UO002001 F6RV6UO002001           EMP     0    id   0    EMP          -1                1     0     
1  52  53  M   0   47  0   0   www.mrmnames.net/F6RV6UO002001 F6RV6UO002001           EMPINFO 0    id   0    EMPINFO      -1                1     0     
2  54  19  F   0   17  0   0                                                          NAME    0         -1                -1                -1    -1    
3  55  43  F   0   39  0   0                                                          SAL     0         -1                -1                -1    -1    
4  56  43  F   0   39  0   0                                                          AGE     0         -1                -1                -1    -1    
5  57  19  F   0   17  0   0                                                          STATE   0         -1                -1                -1    -1    
6  58  43  F   0   39  0   0                                                          SSN     0         -1                -1                -1    -1    
7  59  19  F   0   17  0   0                                                          ORG     0         -1                -1                -1    -1    
8  60  19  F   0   17  0   0                                                          ROLE    0         -1                -1                -1    -1    
9  61  51  S   0   46  0   0                                                          EMP     0         -1                -1                -1    -1    
10 62  53  S   0   47  0   0                                                          EMPINFO 0         -1                -1                -1    -1    

Type Member (4)
-----------

401 : Parent Type Identifier
402 : Child Tag Identifier
403 : Child Type Identifier
404 : Child Class
406 : Sequence Number
410 : Member Identifier
412 : Child Tag Index
413 : Child Type Index
NP_0 : XML Name
NP_1 : Render
NP_2 : ID Attribute Name
NP_3 : ID Attribute Namespace
NP_4 : ID Attribute Value
NP_5 : Value Attribute Name
NP_6 : Value Attribute Namespace
NP_7 : Format
NP_8 : Encoding

  401 402 403 404 406 410 412 413 NP_0  NP_1 NP_2 NP_3 NP_4  NP_5 NP_6 NP_7 NP_8 
0 51  54  19  F   1   63  2   17  NAME  0    id   0    NAME  val  0         -1   
1 51  55  43  F   2   64  3   39  SAL   0    id   0    SAL   val  0         -1   
2 51  56  43  F   3   65  4   39  AGE   0    id   0    AGE   val  0         -1   
3 51  57  19  F   4   66  5   17  STATE 0    id   0    STATE val  0         -1   
4 51  58  43  F   5   67  6   39  SSN   0    id   0    SSN   val  0         -1   
5 51  59  19  F   6   68  7   17  ORG   0    id   0    ORG   val  0         -1   
6 51  60  19  F   7   69  8   17  ROLE  0    id   0    ROLE  val  0         -1   
7 53  61  51  S   1   70  9   46  EMP   0    id   0    EMP   val  0         -1   

Type (21)
----

Row count: 48

2101 : Type Identifier
2103 : Type Composition
2104 : Type Content
2105 : Base Type Identifier
2106 : Logical Type
2107 : Type Member Index
2112 : Derivation Style
2114 : Item Type Index
2115 : Type Class

   2101 2103 2104 2105 2106 2107 2112 2114 2115 
0  1    6    3    0    0    -1   1    -1   4    
1  2    0    0    0    0    -1   5    2    1    
2  3    0    0    0    2    -1   4    -1   1    
3  5    0    0    0    2    -1   4    -1   1    
4  6    0    0    0    2    -1   4    -1   1    
5  7    0    0    0    15   -1   4    -1   1    
6  8    0    0    0    15   -1   4    -1   1    
7  9    0    0    0    16   -1   4    -1   1    
8  10   0    0    0    16   -1   4    -1   1    
9  11   0    0    0    4    -1   4    -1   1    
10 12   0    0    0    4    -1   4    -1   1    
11 13   0    0    0    4    -1   4    -1   1    
12 14   0    0    0    4    -1   4    -1   1    
13 15   0    0    0    16   -1   4    -1   1    
14 16   0    0    0    16   -1   4    -1   1    
15 17   0    0    0    15   -1   4    -1   1    
16 18   0    0    0    16   -1   4    -1   1    
17 19   0    0    0    2    -1   4    -1   1    
18 20   0    0    0    6    -1   4    -1   1    
19 21   0    0    0    16   -1   4    -1   1    
20 22   0    0    0    14   -1   4    -1   1    
21 23   0    0    0    2    -1   4    -1   1    
22 24   0    0    0    2    -1   4    -1   1    
23 25   0    0    0    0    -1   5    24   1    
24 26   0    0    0    2    -1   4    -1   1    
25 28   0    0    0    15   -1   4    -1   1    
26 29   0    0    0    15   -1   4    -1   1    
27 30   0    0    0    2    -1   4    -1   1    
28 31   0    0    0    2    -1   4    -1   1    
29 32   0    0    0    0    -1   5    30   1    
30 33   0    0    0    2    -1   4    -1   1    
31 35   0    0    0    6    -1   4    -1   1    
32 36   0    0    0    15   -1   4    -1   1    
33 37   0    0    0    4    -1   4    -1   1    
34 38   0    0    0    2    -1   4    -1   1    
35 39   0    0    0    2    -1   4    -1   1    
36 40   0    0    0    2    -1   4    -1   1    
37 41   0    0    0    12   -1   4    -1   1    
38 42   0    0    0    15   -1   4    -1   1    
39 43   0    0    0    4    -1   4    -1   1    
40 44   0    0    0    4    -1   4    -1   1    
41 45   0    0    0    10   -1   4    -1   1    
42 46   0    0    0    15   -1   4    -1   1    
43 47   0    0    0    16   -1   4    -1   1    
44 48   0    0    0    2    -1   4    -1   1    
45 49   0    0    0    10   -1   4    -1   1    
46 51   6    1    0    0    0    1    -1   4    
47 53   6    1    0    0    7    1    -1   4    

Member Id to Type Member index (20)
------------------------------

Row count: 8

2001 : Member Identifier
2002 : Type Member Index

  2001 2002 
0 63   0    
1 64   1    
2 65   2    
3 66   3    
4 67   4    
5 68   5    
6 69   6    
7 70   7    

Namespace (26)
---------

2000 : Row Count
2601 : Namespace URI
NP_0 : Preferred Prefix

  2000 2601                                      NP_0   
0 4                                                     
1      http://www.w3.org/2001/XMLSchema          xsd    
2      http://www.w3.org/2001/XMLSchema-instance xsi    
3      http://www.w3.org/XML/1998/namespace      xml    

TDSWireFormat (Text2)
=============

Identification (1000)
--------------

100001 : Message Set Identifier
100002 : Message Set Name
100003 : Message Set Level
100004 : Model Version (Major)
100005 : Model Version (Minor)
100006 : Timestamp
100007 : Dictionary Type
100008 : Format Level
100009 : Compatibility Level
100010 : Dependency Table
100022 : Message Set Alias
100020 : Format Name
100021 : Format Identifier

  100001        100002                       100003 100004 100005 100006 100007 100008 100009 100010        100022 100020 100021 
0 F6RV6UO002001 MRM2XML_ADDMISING-VALUES_APP 1      2      0             2      610    4      F6RV6UO002001        TDS    Text2  

MessageSet (1)
----------

105 : Default Wire Format Identifier
106 : Message Type Prefix
107 : Use Namespaces
NP_0 : TDS Wire Format Identifier
NP_1 : Messaging Standard
NP_2 : Default CCSID
NP_3 : Trim Fix Len String
NP_4 : Group Indicator
NP_5 : Group Terminator
NP_6 : Tag Data Separator
NP_7 : Tag Length
NP_8 : Decimal Point
NP_9 : Escape Character
NP_10 : Reserved Chars
NP_11 : Output Compression Technique
NP_12 : Input Compression Technique
NP_13 : Boolean True Representation
NP_14 : Boolean False Representation
NP_15 : Boolean Null Representation
NP_16 : Default DateTime Format
NP_17 : Default Time Zone ID
NP_18 : Century Window
NP_19 : First Week of Year
NP_20 : First Day of Week
NP_21 : Allow Lenient Datetimes
NP_22 : Strict Numeric Checking
NP_23 : Preserve UTC Format
NP_24 : Truncate Fixed Length Strings
NP_25 : Quote character
NP_26 : Output policy for missing elements
NP_27 : Default byte order
NP_28 : Default packed decimal byte order
NP_29 : Default float format
NP_30 : Packed decimal positive code
NP_31 : Binary boolean true value
NP_32 : Binary boolean false value
NP_33 : Binary boolean null value

  105   106 107 NP_0  NP_1 NP_2 NP_3 NP_4 NP_5 NP_6 NP_7 NP_8 NP_9 NP_10 NP_11 NP_12 NP_13 NP_14 NP_15 NP_16                    NP_17 NP_18 NP_19 NP_20 NP_21 NP_22 NP_23 NP_24 NP_25 NP_26 NP_27 NP_28 NP_29 NP_30 NP_31    NP_32    NP_33    
0 Text1     1   Text2 0    367  0                   0    .               0     0     1     0     0     yyyy-MM-dd'T'HH:mm:ssZZZ       53    0           0     0     0     0           0     0     0     0     C     00000001 00000000 00000000 

Tag (2)
---

201 : Tag Identifier
203 : Type Identifier
204 : Class
207 : Nullable
209 : Default Value Index
211 : Type Index
214 : isAttribute
NP_0 : Message Key
NP_1 : Tag
NP_2 : Data Pattern
NP_3 : Length
NP_4 : Justification
NP_5 : Padding Character
NP_6 : Interpret Element Value
NP_7 : Virtual Decimal Point
NP_8 : Precision
NP_9 : Format
NP_10 : Sign Orientation
NP_11 : Positive Sign
NP_12 : Negative Sign
NP_13 : Encoding Null
NP_14 : Encoding Null Value
NP_15 : Physical Type
NP_16 : Length units
NP_17 : EBCDIC custom overpunched

   201 203 204 207 209 211 214 NP_0 NP_1 NP_2 NP_3 NP_4 NP_5 NP_6 NP_7 NP_8 NP_9 NP_10 NP_11 NP_12 NP_13            NP_14 NP_15      NP_16 NP_17 
0  50  51  M   0   -1  46  0                  0    0         0    0    0         -1                                                  0     0     
1  52  53  M   0   -1  47  0                  0    0         0    0    0         -1                                                  0     0     
2  54  19  F   0   -1  17  0                  0    1         0    0    -1        0           -     NullLogicalValue       Characters 1     0     
3  55  43  F   0   -1  39  0                  10   2    0    0    0    -1        1           -     NullLogicalValue 0     Characters 1     0     
4  56  43  F   0   -1  39  0                  10   2    0    0    0    -1        1           -     NullLogicalValue 0     Characters 1     0     
5  57  19  F   0   -1  17  0                  0    1         0    0    -1        0           -     NullLogicalValue       Characters 1     0     
6  58  43  F   0   -1  39  0                  10   2    0    0    0    -1        1           -     NullLogicalValue 0     Characters 1     0     
7  59  19  F   0   -1  17  0                  0    1         0    0    -1        0           -     NullLogicalValue       Characters 1     0     
8  60  19  F   0   -1  17  0                  0    1         0    0    -1        0           -     NullLogicalValue       Characters 1     0     
9  61  51  S   0   -1  46  0                  0    0         0    0    -1        -1          -                                       0     0     
10 62  53  S   0   -1  47  0                  0    0         0    0    -1        -1          -                                       0     0     

Type Member (4)
-----------

401 : Parent Type Id
402 : Child Tag Id
403 : Child Type Id
404 : Child Class
406 : Sequence Number
407 : Min Occurs
409 : Child Repeat Indicator
410 : Member Id
411 : Max Occurs
412 : Child Tag Index
413 : Child Type Index
NP_0 : Data Pattern
NP_1 : Repeating Element Delimiter
NP_2 : Length Reference
NP_3 : Tag
NP_4 : Length
NP_5 : Justification
NP_6 : Padding Character
NP_7 : Interpret Element Value
NP_8 : Virtual Decimal Point
NP_9 : Precision
NP_10 : Format
NP_11 : Sign Orientation
NP_12 : Positive Sign
NP_13 : Negative Sign
NP_14 : Encoding Null
NP_15 : Encoding Null Value
NP_16 : Physical Type
NP_17 : Repeat Reference
NP_18 : Inclusive Length Reference

  401 402 403 404 406 407 409 410 411 412 413 NP_0 NP_1 NP_2 NP_3 NP_4 NP_5 NP_6 NP_7 NP_8 NP_9 NP_10 NP_11 NP_12 NP_13 NP_14 NP_15 NP_16      NP_17 NP_18 
0 51  54  19  F   1   1   0   63  1   2   17            0         0    1         0    0    -1         0           -     1           Characters 0     0     
1 51  55  43  F   2   1   0   64  1   3   39            0         10   2    0    0    0    -1         1           -     1     0     Characters 0     0     
2 51  56  43  F   3   1   0   65  1   4   39            0         10   2    0    0    0    -1         1           -     1     0     Characters 0     0     
3 51  57  19  F   4   1   0   66  1   5   17            0         0    1         0    0    -1         0           -     1           Characters 0     0     
4 51  58  43  F   5   1   0   67  1   6   39            0         10   2    0    0    0    -1         1           -     1     0     Characters 0     0     
5 51  59  19  F   6   1   0   68  1   7   17            0         0    1         0    0    -1         0           -     1           Characters 0     0     
6 51  60  19  F   7   1   0   69  1   8   17            0         0    1         0    0    -1         0           -     1           Characters 0     0     
7 53  61  51  S   1   1   1   70  -1  9   46            0         0    0         0    0    -1         -1          -     -1                     0     0     

Member Id to Type Member index (20)
------------------------------

Row count: 8

2001 : Member Identifier
2002 : Type Member Index

  2001 2002 
0 63   0    
1 64   1    
2 65   2    
3 66   3    
4 67   4    
5 68   5    
6 69   6    
7 70   7    

Type (21)
----

Row count: 48

2101 : Type Identifier
2103 : Type Composition
2104 : Type Content
2105 : Base Type Identifier
2106 : Logical Type
2107 : Type Member Index
2112 : Derivation Style
2114 : Item Type Index
2115 : Type Class
NP_0 : Group Indicator
NP_1 : Group Terminator
NP_2 : Tag Data Separator
NP_3 : Tag Length
NP_4 : Data Element Separation
NP_5 : Delimiter
NP_6 : Length Of Encoded Length
NP_7 : Extra Chars In Encoded Length
NP_8 : Suppress Absent Element Delimiter
NP_9 : Observe Element Length

   2101 2103 2104 2105 2106 2107 2112 2114 2115 NP_0 NP_1 NP_2 NP_3 NP_4 NP_5 NP_6 NP_7 NP_8 NP_9 
0  1    6    3    0    0    -1   1    -1   4                   0    4         0    0    1    0    
1  2    0    0    0    0    -1   5    2    1                   0    -1        0    0    -1   0    
2  3    0    0    0    2    -1   4    -1   1                   0    -1        0    0    -1   0    
3  5    0    0    0    2    -1   4    -1   1                   0    -1        0    0    -1   0    
4  6    0    0    0    2    -1   4    -1   1                   0    -1        0    0    -1   0    
5  7    0    0    0    15   -1   4    -1   1                   0    -1        0    0    -1   0    
6  8    0    0    0    15   -1   4    -1   1                   0    -1        0    0    -1   0    
7  9    0    0    0    16   -1   4    -1   1                   0    -1        0    0    -1   0    
8  10   0    0    0    16   -1   4    -1   1                   0    -1        0    0    -1   0    
9  11   0    0    0    4    -1   4    -1   1                   0    -1        0    0    -1   0    
10 12   0    0    0    4    -1   4    -1   1                   0    -1        0    0    -1   0    
11 13   0    0    0    4    -1   4    -1   1                   0    -1        0    0    -1   0    
12 14   0    0    0    4    -1   4    -1   1                   0    -1        0    0    -1   0    
13 15   0    0    0    16   -1   4    -1   1                   0    -1        0    0    -1   0    
14 16   0    0    0    16   -1   4    -1   1                   0    -1        0    0    -1   0    
15 17   0    0    0    15   -1   4    -1   1                   0    -1        0    0    -1   0    
16 18   0    0    0    16   -1   4    -1   1                   0    -1        0    0    -1   0    
17 19   0    0    0    2    -1   4    -1   1                   0    -1        0    0    -1   0    
18 20   0    0    0    6    -1   4    -1   1                   0    -1        0    0    -1   0    
19 21   0    0    0    16   -1   4    -1   1                   0    -1        0    0    -1   0    
20 22   0    0    0    14   -1   4    -1   1                   0    -1        0    0    -1   0    
21 23   0    0    0    2    -1   4    -1   1                   0    -1        0    0    -1   0    
22 24   0    0    0    2    -1   4    -1   1                   0    -1        0    0    -1   0    
23 25   0    0    0    0    -1   5    24   1                   0    -1        0    0    -1   0    
24 26   0    0    0    2    -1   4    -1   1                   0    -1        0    0    -1   0    
25 28   0    0    0    15   -1   4    -1   1                   0    -1        0    0    -1   0    
26 29   0    0    0    15   -1   4    -1   1                   0    -1        0    0    -1   0    
27 30   0    0    0    2    -1   4    -1   1                   0    -1        0    0    -1   0    
28 31   0    0    0    2    -1   4    -1   1                   0    -1        0    0    -1   0    
29 32   0    0    0    0    -1   5    30   1                   0    -1        0    0    -1   0    
30 33   0    0    0    2    -1   4    -1   1                   0    -1        0    0    -1   0    
31 35   0    0    0    6    -1   4    -1   1                   0    -1        0    0    -1   0    
32 36   0    0    0    15   -1   4    -1   1                   0    -1        0    0    -1   0    
33 37   0    0    0    4    -1   4    -1   1                   0    -1        0    0    -1   0    
34 38   0    0    0    2    -1   4    -1   1                   0    -1        0    0    -1   0    
35 39   0    0    0    2    -1   4    -1   1                   0    -1        0    0    -1   0    
36 40   0    0    0    2    -1   4    -1   1                   0    -1        0    0    -1   0    
37 41   0    0    0    12   -1   4    -1   1                   0    -1        0    0    -1   0    
38 42   0    0    0    15   -1   4    -1   1                   0    -1        0    0    -1   0    
39 43   0    0    0    4    -1   4    -1   1                   0    -1        0    0    -1   0    
40 44   0    0    0    4    -1   4    -1   1                   0    -1        0    0    -1   0    
41 45   0    0    0    10   -1   4    -1   1                   0    -1        0    0    -1   0    
42 46   0    0    0    15   -1   4    -1   1                   0    -1        0    0    -1   0    
43 47   0    0    0    16   -1   4    -1   1                   0    -1        0    0    -1   0    
44 48   0    0    0    2    -1   4    -1   1                   0    -1        0    0    -1   0    
45 49   0    0    0    10   -1   4    -1   1                   0    -1        0    0    -1   0    
46 51   6    1    0    0    0    1    -1   4                   0    4         0    0    1    0    
47 53   6    1    0    0    7    1    -1   4                   0    4         0    0    1    0    

Values (25)
------

2000 : Row Count

  2000 
0 0    

